#
# There is insufficient memory for the Java Runtime Environment to continue.
# Native memory allocation (mmap) failed to map 104857600 bytes for Failed to commit area from 0x000000062c600000 to 0x0000000632a00000 of length 104857600.
# Possible reasons:
#   The system is out of physical RAM or swap space
#   The process is running with CompressedOops enabled, and the Java Heap may be blocking the growth of the native heap
# Possible solutions:
#   Reduce memory load on the system
#   Increase physical memory or swap space
#   Check if swap backing store is full
#   Decrease Java heap size (-Xmx/-Xms)
#   Decrease number of Java threads
#   Decrease Java thread stack sizes (-Xss)
#   Set larger code cache with -XX:ReservedCodeCacheSize=
#   JVM is running with Zero Based Compressed Oops mode in which the Java heap is
#     placed in the first 32GB address space. The Java Heap base address is the
#     maximum limit for the native heap growth. Please use -XX:HeapBaseMinAddress
#     to set the Java Heap base and to place the Java Heap above 32GB virtual address.
# This output file may be truncated or incomplete.
#
#  Out of Memory Error (./src/hotspot/os/windows/os_windows.cpp:3301), pid=15856, tid=444
#
# JRE version: OpenJDK Runtime Environment JBR-11.0.10.8-1145.96-jcef (11.0.10+8) (build 11.0.10+8-b1145.96)
# Java VM: OpenJDK 64-Bit Server VM JBR-11.0.10.8-1145.96-jcef (11.0.10+8-b1145.96, mixed mode, tiered, compressed oops, g1 gc, windows-amd64)
# No core dump will be written. Minidumps are not enabled by default on client versions of Windows
#

---------------  S U M M A R Y ------------

Command Line: -Dvisualvm.id=57451506512300 -XX:TieredStopAtLevel=1 -Xverify:none -Dspring.output.ansi.enabled=always -javaagent:C:\Program Files\JetBrains\IntelliJ IDEA 2020.3.2\lib\idea_rt.jar=63487:C:\Program Files\JetBrains\IntelliJ IDEA 2020.3.2\bin -Dcom.sun.management.jmxremote -Dspring.jmx.enabled=true -Dspring.liveBeansView.mbeanDomain -Dspring.application.admin.enabled=true -Dfile.encoding=UTF-8 com.dgm.aws.aws_project01.AwsProject01Application

Host: AMD Ryzen 7 3700X 8-Core Processor             , 16 cores, 31G,  Windows 10 , 64 bit Build 19041 (10.0.19041.804)
Time: Tue Mar 23 04:34:32 2021 E. South America Standard Time elapsed time: 1.598844 seconds (0d 0h 0m 1s)

---------------  T H R E A D  ---------------

Current thread (0x000002a643f83000):  VMThread "VM Thread" [stack: 0x000000a6abe00000,0x000000a6abf00000] [id=444]

Stack: [0x000000a6abe00000,0x000000a6abf00000]
[error occurred during error reporting (printing stack bounds), id 0xc0000005, EXCEPTION_ACCESS_VIOLATION (0xc0000005) at pc=0x000002a61e430f2d]

Native frames: (J=compiled Java code, j=interpreted, Vv=VM code, C=native code)
V  [jvm.dll+0x5ece6a]
V  [jvm.dll+0x722cd5]
V  [jvm.dll+0x72422d]
V  [jvm.dll+0x724845]
V  [jvm.dll+0x7247fb]
V  [jvm.dll+0x5ec208]
V  [jvm.dll+0x5ec998]
C  [ntdll.dll+0xa1f6f]
C  [ntdll.dll+0x51454]
C  [ntdll.dll+0xa0a9e]
C  0x000002a61e430f2d

VM_Operation (0x000000a6ab8fc5f0): CollectForMetadataAllocation, mode: safepoint, requested by thread 0x000002a61a826000


---------------  P R O C E S S  ---------------

Threads class SMR info:
_java_thread_list=0x000002a645f38050, length=16, elements={
0x000002a61a826000, 0x000002a643fa6800, 0x000002a643faf000, 0x000002a644003800,
0x000002a644004800, 0x000002a644006800, 0x000002a644014800, 0x000002a644019000,
0x000002a6440c3800, 0x000002a644455800, 0x000002a64467b000, 0x000002a645ce9800,
0x000002a645d55000, 0x000002a645f42800, 0x000002a645f2c000, 0x000002a645f43800
}

Java Threads: ( => current thread )
  0x000002a61a826000 JavaThread "main" [_thread_blocked, id=14448, stack(0x000000a6ab800000,0x000000a6ab900000)]
  0x000002a643fa6800 JavaThread "Reference Handler" daemon [_thread_blocked, id=17948, stack(0x000000a6abf00000,0x000000a6ac000000)]
  0x000002a643faf000 JavaThread "Finalizer" daemon [_thread_blocked, id=14712, stack(0x000000a6ac000000,0x000000a6ac100000)]
  0x000002a644003800 JavaThread "Signal Dispatcher" daemon [_thread_blocked, id=13116, stack(0x000000a6ac100000,0x000000a6ac200000)]
  0x000002a644004800 JavaThread "Attach Listener" daemon [_thread_blocked, id=8512, stack(0x000000a6ac200000,0x000000a6ac300000)]
  0x000002a644006800 JavaThread "Service Thread" daemon [_thread_blocked, id=7628, stack(0x000000a6ac300000,0x000000a6ac400000)]
  0x000002a644014800 JavaThread "C1 CompilerThread0" daemon [_thread_blocked, id=15724, stack(0x000000a6ac400000,0x000000a6ac500000)]
  0x000002a644019000 JavaThread "Sweeper thread" daemon [_thread_blocked, id=19964, stack(0x000000a6ac500000,0x000000a6ac600000)]
  0x000002a6440c3800 JavaThread "Common-Cleaner" daemon [_thread_blocked, id=340, stack(0x000000a6ac600000,0x000000a6ac700000)]
  0x000002a644455800 JavaThread "Monitor Ctrl-Break" daemon [_thread_in_native, id=13668, stack(0x000000a6ac700000,0x000000a6ac800000)]
  0x000002a64467b000 JavaThread "RMI TCP Accept-0" daemon [_thread_in_native, id=11076, stack(0x000000a6ac800000,0x000000a6ac900000)]
  0x000002a645ce9800 JavaThread "RMI TCP Connection(1)-192.168.1.210" daemon [_thread_in_native, id=8868, stack(0x000000a6ad500000,0x000000a6ad600000)]
  0x000002a645d55000 JavaThread "RMI Scheduler(0)" daemon [_thread_blocked, id=1444, stack(0x000000a6ad800000,0x000000a6ad900000)]
  0x000002a645f42800 JavaThread "Catalina-utility-1" [_thread_blocked, id=15048, stack(0x000000a6ad900000,0x000000a6ada00000)]
  0x000002a645f2c000 JavaThread "Catalina-utility-2" [_thread_blocked, id=15848, stack(0x000000a6ada00000,0x000000a6adb00000)]
  0x000002a645f43800 JavaThread "container-0" [_thread_blocked, id=18452, stack(0x000000a6adb00000,0x000000a6adc00000)]

Other Threads:
=>0x000002a643f83000 VMThread "VM Thread" [stack: 0x000000a6abe00000,0x000000a6abf00000] [id=444]
  0x000002a64467d000 WatcherThread [stack: 0x000000a6ac900000,0x000000a6aca00000] [id=18960]
  0x000002a61a83c800 GCTaskThread "GC Thread#0" [stack: 0x000000a6ab900000,0x000000a6aba00000] [id=14232]
  0x000002a64461b800 GCTaskThread "GC Thread#1" [stack: 0x000000a6aca00000,0x000000a6acb00000] [id=3360]
  0x000002a644a81800 GCTaskThread "GC Thread#2" [stack: 0x000000a6acb00000,0x000000a6acc00000] [id=17444]
  0x000002a644616800 GCTaskThread "GC Thread#3" [stack: 0x000000a6acc00000,0x000000a6acd00000] [id=20332]
  0x000002a644617000 GCTaskThread "GC Thread#4" [stack: 0x000000a6acd00000,0x000000a6ace00000] [id=19728]
  0x000002a644618800 GCTaskThread "GC Thread#5" [stack: 0x000000a6ace00000,0x000000a6acf00000] [id=20272]
  0x000002a644aff000 GCTaskThread "GC Thread#6" [stack: 0x000000a6acf00000,0x000000a6ad000000] [id=19720]
  0x000002a644b00800 GCTaskThread "GC Thread#7" [stack: 0x000000a6ad000000,0x000000a6ad100000] [id=8248]
  0x000002a644b02000 GCTaskThread "GC Thread#8" [stack: 0x000000a6ad100000,0x000000a6ad200000] [id=6004]
  0x000002a644b03000 GCTaskThread "GC Thread#9" [stack: 0x000000a6ad200000,0x000000a6ad300000] [id=5892]
  0x000002a644b03800 GCTaskThread "GC Thread#10" [stack: 0x000000a6ad300000,0x000000a6ad400000] [id=19664]
  0x000002a644b04800 GCTaskThread "GC Thread#11" [stack: 0x000000a6ad400000,0x000000a6ad500000] [id=16644]
  0x000002a61a8ba000 ConcurrentGCThread "G1 Main Marker" [stack: 0x000000a6aba00000,0x000000a6abb00000] [id=13120]
  0x000002a61a8bc800 ConcurrentGCThread "G1 Conc#0" [stack: 0x000000a6abb00000,0x000000a6abc00000] [id=19516]
  0x000002a644b26000 ConcurrentGCThread "G1 Conc#1" [stack: 0x000000a6ad600000,0x000000a6ad700000] [id=16244]
  0x000002a644b27000 ConcurrentGCThread "G1 Conc#2" [stack: 0x000000a6ad700000,0x000000a6ad800000] [id=16448]
  0x000002a6435e4000 ConcurrentGCThread "G1 Refine#0" [stack: 0x000000a6abc00000,0x000000a6abd00000] [id=8780]
  0x000002a6435e6000 ConcurrentGCThread "G1 Young RemSet Sampling" [stack: 0x000000a6abd00000,0x000000a6abe00000] [id=10596]

Threads with active compile tasks:

VM state:at safepoint (normal execution)

VM Mutex/Monitor currently owned by a thread:  ([mutex/lock_event])
[0x000002a61a823770] Threads_lock - owner thread: 0x000002a643f83000
[0x000002a61a822cc0] Heap_lock - owner thread: 0x000002a61a826000

Heap address: 0x000000060d200000, size: 7982 MB, Compressed Oops mode: Zero based, Oop shift amount: 3
Narrow klass base: 0x0000000800000000, Narrow klass shift: 0
Compressed class space size: 1073741824 Address: 0x0000000800000000

Heap:
 garbage-first heap   total 614400K, used 14091K [0x000000060d200000, 0x0000000800000000)
  region size 2048K, 5 young (10240K), 5 survivors (10240K)
 Metaspace       used 34474K, capacity 35793K, committed 35920K, reserved 1081344K
  class space    used 4331K, capacity 4844K, committed 4864K, reserved 1048576K
Heap Regions: E=young(eden), S=young(survivor), O=old, HS=humongous(starts), HC=humongous(continues), CS=collection set, F=free, A=archive, TAMS=top-at-mark-start (previous, next)
|   0|0x000000060d200000, 0x000000060d400000, 0x000000060d400000|100%| O|  |TAMS 0x000000060d2d6400, 0x000000060d400000| Untracked 
|   1|0x000000060d400000, 0x000000060d600000, 0x000000060d600000|100%| O|  |TAMS 0x000000060d400000, 0x000000060d600000| Untracked 
|   2|0x000000060d600000, 0x000000060d6bb000, 0x000000060d800000| 36%| O|  |TAMS 0x000000060d600000, 0x000000060d6bb000| Untracked 
|   3|0x000000060d800000, 0x000000060d800000, 0x000000060da00000|  0%| F|  |TAMS 0x000000060d800000, 0x000000060d800000| Untracked 
|   4|0x000000060da00000, 0x000000060da00000, 0x000000060dc00000|  0%| F|  |TAMS 0x000000060da00000, 0x000000060da00000| Untracked 
|   5|0x000000060dc00000, 0x000000060dc00000, 0x000000060de00000|  0%| F|  |TAMS 0x000000060dc00000, 0x000000060dc00000| Untracked 
|   6|0x000000060de00000, 0x000000060de00000, 0x000000060e000000|  0%| F|  |TAMS 0x000000060de00000, 0x000000060de00000| Untracked 
|   7|0x000000060e000000, 0x000000060e000000, 0x000000060e200000|  0%| F|  |TAMS 0x000000060e000000, 0x000000060e000000| Untracked 
|   8|0x000000060e200000, 0x000000060e200000, 0x000000060e400000|  0%| F|  |TAMS 0x000000060e200000, 0x000000060e200000| Untracked 
|   9|0x000000060e400000, 0x000000060e400000, 0x000000060e600000|  0%| F|  |TAMS 0x000000060e400000, 0x000000060e400000| Untracked 
|  10|0x000000060e600000, 0x000000060e600000, 0x000000060e800000|  0%| F|  |TAMS 0x000000060e600000, 0x000000060e600000| Untracked 
|  11|0x000000060e800000, 0x000000060e800000, 0x000000060ea00000|  0%| F|  |TAMS 0x000000060e800000, 0x000000060e800000| Untracked 
|  12|0x000000060ea00000, 0x000000060ea00000, 0x000000060ec00000|  0%| F|  |TAMS 0x000000060ea00000, 0x000000060ea00000| Untracked 
|  13|0x000000060ec00000, 0x000000060ec00000, 0x000000060ee00000|  0%| F|  |TAMS 0x000000060ec00000, 0x000000060ec00000| Untracked 
|  14|0x000000060ee00000, 0x000000060ee00000, 0x000000060f000000|  0%| F|  |TAMS 0x000000060ee00000, 0x000000060ee00000| Untracked 
|  15|0x000000060f000000, 0x000000060f000000, 0x000000060f200000|  0%| F|  |TAMS 0x000000060f000000, 0x000000060f000000| Untracked 
|  16|0x000000060f200000, 0x000000060f200000, 0x000000060f400000|  0%| F|  |TAMS 0x000000060f200000, 0x000000060f200000| Untracked 
|  17|0x000000060f400000, 0x000000060f400000, 0x000000060f600000|  0%| F|  |TAMS 0x000000060f400000, 0x000000060f400000| Untracked 
|  18|0x000000060f600000, 0x000000060f600000, 0x000000060f800000|  0%| F|  |TAMS 0x000000060f600000, 0x000000060f600000| Untracked 
|  19|0x000000060f800000, 0x000000060f800000, 0x000000060fa00000|  0%| F|  |TAMS 0x000000060f800000, 0x000000060f800000| Untracked 
|  20|0x000000060fa00000, 0x000000060fa00000, 0x000000060fc00000|  0%| F|  |TAMS 0x000000060fa00000, 0x000000060fa00000| Untracked 
|  21|0x000000060fc00000, 0x000000060fc00000, 0x000000060fe00000|  0%| F|  |TAMS 0x000000060fc00000, 0x000000060fc00000| Untracked 
|  22|0x000000060fe00000, 0x000000060fe00000, 0x0000000610000000|  0%| F|  |TAMS 0x000000060fe00000, 0x000000060fe00000| Untracked 
|  23|0x0000000610000000, 0x0000000610000000, 0x0000000610200000|  0%| F|  |TAMS 0x0000000610000000, 0x0000000610000000| Untracked 
|  24|0x0000000610200000, 0x0000000610200000, 0x0000000610400000|  0%| F|  |TAMS 0x0000000610200000, 0x0000000610200000| Untracked 
|  25|0x0000000610400000, 0x0000000610400000, 0x0000000610600000|  0%| F|  |TAMS 0x0000000610400000, 0x0000000610400000| Untracked 
|  26|0x0000000610600000, 0x0000000610600000, 0x0000000610800000|  0%| F|  |TAMS 0x0000000610600000, 0x0000000610600000| Untracked 
|  27|0x0000000610800000, 0x0000000610800000, 0x0000000610a00000|  0%| F|  |TAMS 0x0000000610800000, 0x0000000610800000| Untracked 
|  28|0x0000000610a00000, 0x0000000610a00000, 0x0000000610c00000|  0%| F|  |TAMS 0x0000000610a00000, 0x0000000610a00000| Untracked 
|  29|0x0000000610c00000, 0x0000000610c00000, 0x0000000610e00000|  0%| F|  |TAMS 0x0000000610c00000, 0x0000000610c00000| Untracked 
|  30|0x0000000610e00000, 0x0000000610e00000, 0x0000000611000000|  0%| F|  |TAMS 0x0000000610e00000, 0x0000000610e00000| Untracked 
|  31|0x0000000611000000, 0x0000000611000000, 0x0000000611200000|  0%| F|  |TAMS 0x0000000611000000, 0x0000000611000000| Untracked 
|  32|0x0000000611200000, 0x0000000611200000, 0x0000000611400000|  0%| F|  |TAMS 0x0000000611200000, 0x0000000611200000| Untracked 
|  33|0x0000000611400000, 0x0000000611400000, 0x0000000611600000|  0%| F|  |TAMS 0x0000000611400000, 0x0000000611400000| Untracked 
|  34|0x0000000611600000, 0x0000000611600000, 0x0000000611800000|  0%| F|  |TAMS 0x0000000611600000, 0x0000000611600000| Untracked 
|  35|0x0000000611800000, 0x0000000611800000, 0x0000000611a00000|  0%| F|  |TAMS 0x0000000611800000, 0x0000000611800000| Untracked 
|  36|0x0000000611a00000, 0x0000000611a00000, 0x0000000611c00000|  0%| F|  |TAMS 0x0000000611a00000, 0x0000000611a00000| Untracked 
|  37|0x0000000611c00000, 0x0000000611c00000, 0x0000000611e00000|  0%| F|  |TAMS 0x0000000611c00000, 0x0000000611c00000| Untracked 
|  38|0x0000000611e00000, 0x0000000611e00000, 0x0000000612000000|  0%| F|  |TAMS 0x0000000611e00000, 0x0000000611e00000| Untracked 
|  39|0x0000000612000000, 0x0000000612000000, 0x0000000612200000|  0%| F|  |TAMS 0x0000000612000000, 0x0000000612000000| Untracked 
|  40|0x0000000612200000, 0x0000000612200000, 0x0000000612400000|  0%| F|  |TAMS 0x0000000612200000, 0x0000000612200000| Untracked 
|  41|0x0000000612400000, 0x0000000612400000, 0x0000000612600000|  0%| F|  |TAMS 0x0000000612400000, 0x0000000612400000| Untracked 
|  42|0x0000000612600000, 0x0000000612600000, 0x0000000612800000|  0%| F|  |TAMS 0x0000000612600000, 0x0000000612600000| Untracked 
|  43|0x0000000612800000, 0x0000000612800000, 0x0000000612a00000|  0%| F|  |TAMS 0x0000000612800000, 0x0000000612800000| Untracked 
|  44|0x0000000612a00000, 0x0000000612a00000, 0x0000000612c00000|  0%| F|  |TAMS 0x0000000612a00000, 0x0000000612a00000| Untracked 
|  45|0x0000000612c00000, 0x0000000612c00000, 0x0000000612e00000|  0%| F|  |TAMS 0x0000000612c00000, 0x0000000612c00000| Untracked 
|  46|0x0000000612e00000, 0x0000000612e00000, 0x0000000613000000|  0%| F|  |TAMS 0x0000000612e00000, 0x0000000612e00000| Untracked 
|  47|0x0000000613000000, 0x0000000613000000, 0x0000000613200000|  0%| F|  |TAMS 0x0000000613000000, 0x0000000613000000| Untracked 
|  48|0x0000000613200000, 0x0000000613200000, 0x0000000613400000|  0%| F|  |TAMS 0x0000000613200000, 0x0000000613200000| Untracked 
|  49|0x0000000613400000, 0x0000000613400000, 0x0000000613600000|  0%| F|  |TAMS 0x0000000613400000, 0x0000000613400000| Untracked 
|  50|0x0000000613600000, 0x0000000613600000, 0x0000000613800000|  0%| F|  |TAMS 0x0000000613600000, 0x0000000613600000| Untracked 
|  51|0x0000000613800000, 0x0000000613800000, 0x0000000613a00000|  0%| F|  |TAMS 0x0000000613800000, 0x0000000613800000| Untracked 
|  52|0x0000000613a00000, 0x0000000613a00000, 0x0000000613c00000|  0%| F|  |TAMS 0x0000000613a00000, 0x0000000613a00000| Untracked 
|  53|0x0000000613c00000, 0x0000000613c00000, 0x0000000613e00000|  0%| F|  |TAMS 0x0000000613c00000, 0x0000000613c00000| Untracked 
|  54|0x0000000613e00000, 0x0000000613e00000, 0x0000000614000000|  0%| F|  |TAMS 0x0000000613e00000, 0x0000000613e00000| Untracked 
|  55|0x0000000614000000, 0x0000000614000000, 0x0000000614200000|  0%| F|  |TAMS 0x0000000614000000, 0x0000000614000000| Untracked 
|  56|0x0000000614200000, 0x0000000614200000, 0x0000000614400000|  0%| F|  |TAMS 0x0000000614200000, 0x0000000614200000| Untracked 
|  57|0x0000000614400000, 0x0000000614400000, 0x0000000614600000|  0%| F|  |TAMS 0x0000000614400000, 0x0000000614400000| Untracked 
|  58|0x0000000614600000, 0x0000000614600000, 0x0000000614800000|  0%| F|  |TAMS 0x0000000614600000, 0x0000000614600000| Untracked 
|  59|0x0000000614800000, 0x0000000614800000, 0x0000000614a00000|  0%| F|  |TAMS 0x0000000614800000, 0x0000000614800000| Untracked 
|  60|0x0000000614a00000, 0x0000000614a00000, 0x0000000614c00000|  0%| F|  |TAMS 0x0000000614a00000, 0x0000000614a00000| Untracked 
|  61|0x0000000614c00000, 0x0000000614c00000, 0x0000000614e00000|  0%| F|  |TAMS 0x0000000614c00000, 0x0000000614c00000| Untracked 
|  62|0x0000000614e00000, 0x0000000614e00000, 0x0000000615000000|  0%| F|  |TAMS 0x0000000614e00000, 0x0000000614e00000| Untracked 
|  63|0x0000000615000000, 0x0000000615000000, 0x0000000615200000|  0%| F|  |TAMS 0x0000000615000000, 0x0000000615000000| Untracked 
|  64|0x0000000615200000, 0x0000000615200000, 0x0000000615400000|  0%| F|  |TAMS 0x0000000615200000, 0x0000000615200000| Untracked 
|  65|0x0000000615400000, 0x0000000615400000, 0x0000000615600000|  0%| F|  |TAMS 0x0000000615400000, 0x0000000615400000| Untracked 
|  66|0x0000000615600000, 0x0000000615600000, 0x0000000615800000|  0%| F|  |TAMS 0x0000000615600000, 0x0000000615600000| Untracked 
|  67|0x0000000615800000, 0x0000000615800000, 0x0000000615a00000|  0%| F|  |TAMS 0x0000000615800000, 0x0000000615800000| Untracked 
|  68|0x0000000615a00000, 0x0000000615a00000, 0x0000000615c00000|  0%| F|  |TAMS 0x0000000615a00000, 0x0000000615a00000| Untracked 
|  69|0x0000000615c00000, 0x0000000615c00000, 0x0000000615e00000|  0%| F|  |TAMS 0x0000000615c00000, 0x0000000615c00000| Untracked 
|  70|0x0000000615e00000, 0x0000000615e00000, 0x0000000616000000|  0%| F|  |TAMS 0x0000000615e00000, 0x0000000615e00000| Untracked 
|  71|0x0000000616000000, 0x0000000616000000, 0x0000000616200000|  0%| F|  |TAMS 0x0000000616000000, 0x0000000616000000| Untracked 
|  72|0x0000000616200000, 0x0000000616200000, 0x0000000616400000|  0%| F|  |TAMS 0x0000000616200000, 0x0000000616200000| Untracked 
|  73|0x0000000616400000, 0x0000000616400000, 0x0000000616600000|  0%| F|  |TAMS 0x0000000616400000, 0x0000000616400000| Untracked 
|  74|0x0000000616600000, 0x0000000616600000, 0x0000000616800000|  0%| F|  |TAMS 0x0000000616600000, 0x0000000616600000| Untracked 
|  75|0x0000000616800000, 0x0000000616800000, 0x0000000616a00000|  0%| F|  |TAMS 0x0000000616800000, 0x0000000616800000| Untracked 
|  76|0x0000000616a00000, 0x0000000616a00000, 0x0000000616c00000|  0%| F|  |TAMS 0x0000000616a00000, 0x0000000616a00000| Untracked 
|  77|0x0000000616c00000, 0x0000000616c00000, 0x0000000616e00000|  0%| F|  |TAMS 0x0000000616c00000, 0x0000000616c00000| Untracked 
|  78|0x0000000616e00000, 0x0000000616e00000, 0x0000000617000000|  0%| F|  |TAMS 0x0000000616e00000, 0x0000000616e00000| Untracked 
|  79|0x0000000617000000, 0x0000000617000000, 0x0000000617200000|  0%| F|  |TAMS 0x0000000617000000, 0x0000000617000000| Untracked 
|  80|0x0000000617200000, 0x0000000617200000, 0x0000000617400000|  0%| F|  |TAMS 0x0000000617200000, 0x0000000617200000| Untracked 
|  81|0x0000000617400000, 0x0000000617400000, 0x0000000617600000|  0%| F|  |TAMS 0x0000000617400000, 0x0000000617400000| Untracked 
|  82|0x0000000617600000, 0x0000000617600000, 0x0000000617800000|  0%| F|  |TAMS 0x0000000617600000, 0x0000000617600000| Untracked 
|  83|0x0000000617800000, 0x0000000617800000, 0x0000000617a00000|  0%| F|  |TAMS 0x0000000617800000, 0x0000000617800000| Untracked 
|  84|0x0000000617a00000, 0x0000000617a00000, 0x0000000617c00000|  0%| F|  |TAMS 0x0000000617a00000, 0x0000000617a00000| Untracked 
|  85|0x0000000617c00000, 0x0000000617c00000, 0x0000000617e00000|  0%| F|  |TAMS 0x0000000617c00000, 0x0000000617c00000| Untracked 
|  86|0x0000000617e00000, 0x0000000617e00000, 0x0000000618000000|  0%| F|  |TAMS 0x0000000617e00000, 0x0000000617e00000| Untracked 
|  87|0x0000000618000000, 0x0000000618000000, 0x0000000618200000|  0%| F|  |TAMS 0x0000000618000000, 0x0000000618000000| Untracked 
|  88|0x0000000618200000, 0x0000000618200000, 0x0000000618400000|  0%| F|  |TAMS 0x0000000618200000, 0x0000000618200000| Untracked 
|  89|0x0000000618400000, 0x0000000618400000, 0x0000000618600000|  0%| F|  |TAMS 0x0000000618400000, 0x0000000618400000| Untracked 
|  90|0x0000000618600000, 0x0000000618600000, 0x0000000618800000|  0%| F|  |TAMS 0x0000000618600000, 0x0000000618600000| Untracked 
|  91|0x0000000618800000, 0x0000000618800000, 0x0000000618a00000|  0%| F|  |TAMS 0x0000000618800000, 0x0000000618800000| Untracked 
|  92|0x0000000618a00000, 0x0000000618a00000, 0x0000000618c00000|  0%| F|  |TAMS 0x0000000618a00000, 0x0000000618a00000| Untracked 
|  93|0x0000000618c00000, 0x0000000618c00000, 0x0000000618e00000|  0%| F|  |TAMS 0x0000000618c00000, 0x0000000618c00000| Untracked 
|  94|0x0000000618e00000, 0x0000000618e00000, 0x0000000619000000|  0%| F|  |TAMS 0x0000000618e00000, 0x0000000618e00000| Untracked 
|  95|0x0000000619000000, 0x0000000619000000, 0x0000000619200000|  0%| F|  |TAMS 0x0000000619000000, 0x0000000619000000| Untracked 
|  96|0x0000000619200000, 0x0000000619200000, 0x0000000619400000|  0%| F|  |TAMS 0x0000000619200000, 0x0000000619200000| Untracked 
|  97|0x0000000619400000, 0x0000000619400000, 0x0000000619600000|  0%| F|  |TAMS 0x0000000619400000, 0x0000000619400000| Untracked 
|  98|0x0000000619600000, 0x0000000619600000, 0x0000000619800000|  0%| F|  |TAMS 0x0000000619600000, 0x0000000619600000| Untracked 
|  99|0x0000000619800000, 0x0000000619800000, 0x0000000619a00000|  0%| F|  |TAMS 0x0000000619800000, 0x0000000619800000| Untracked 
| 100|0x0000000619a00000, 0x0000000619a00000, 0x0000000619c00000|  0%| F|  |TAMS 0x0000000619a00000, 0x0000000619a00000| Untracked 
| 101|0x0000000619c00000, 0x0000000619c00000, 0x0000000619e00000|  0%| F|  |TAMS 0x0000000619c00000, 0x0000000619c00000| Untracked 
| 102|0x0000000619e00000, 0x0000000619e00000, 0x000000061a000000|  0%| F|  |TAMS 0x0000000619e00000, 0x0000000619e00000| Untracked 
| 103|0x000000061a000000, 0x000000061a000000, 0x000000061a200000|  0%| F|  |TAMS 0x000000061a000000, 0x000000061a000000| Untracked 
| 104|0x000000061a200000, 0x000000061a200000, 0x000000061a400000|  0%| F|  |TAMS 0x000000061a200000, 0x000000061a200000| Untracked 
| 105|0x000000061a400000, 0x000000061a400000, 0x000000061a600000|  0%| F|  |TAMS 0x000000061a400000, 0x000000061a400000| Untracked 
| 106|0x000000061a600000, 0x000000061a600000, 0x000000061a800000|  0%| F|  |TAMS 0x000000061a600000, 0x000000061a600000| Untracked 
| 107|0x000000061a800000, 0x000000061a800000, 0x000000061aa00000|  0%| F|  |TAMS 0x000000061a800000, 0x000000061a800000| Untracked 
| 108|0x000000061aa00000, 0x000000061aa00000, 0x000000061ac00000|  0%| F|  |TAMS 0x000000061aa00000, 0x000000061aa00000| Untracked 
| 109|0x000000061ac00000, 0x000000061ac00000, 0x000000061ae00000|  0%| F|  |TAMS 0x000000061ac00000, 0x000000061ac00000| Untracked 
| 110|0x000000061ae00000, 0x000000061ae00000, 0x000000061b000000|  0%| F|  |TAMS 0x000000061ae00000, 0x000000061ae00000| Untracked 
| 111|0x000000061b000000, 0x000000061b000000, 0x000000061b200000|  0%| F|  |TAMS 0x000000061b000000, 0x000000061b000000| Untracked 
| 112|0x000000061b200000, 0x000000061b200000, 0x000000061b400000|  0%| F|  |TAMS 0x000000061b200000, 0x000000061b200000| Untracked 
| 113|0x000000061b400000, 0x000000061b400000, 0x000000061b600000|  0%| F|  |TAMS 0x000000061b400000, 0x000000061b400000| Untracked 
| 114|0x000000061b600000, 0x000000061b600000, 0x000000061b800000|  0%| F|  |TAMS 0x000000061b600000, 0x000000061b600000| Untracked 
| 115|0x000000061b800000, 0x000000061b800000, 0x000000061ba00000|  0%| F|  |TAMS 0x000000061b800000, 0x000000061b800000| Untracked 
| 116|0x000000061ba00000, 0x000000061ba00000, 0x000000061bc00000|  0%| F|  |TAMS 0x000000061ba00000, 0x000000061ba00000| Untracked 
| 117|0x000000061bc00000, 0x000000061bc00000, 0x000000061be00000|  0%| F|  |TAMS 0x000000061bc00000, 0x000000061bc00000| Untracked 
| 118|0x000000061be00000, 0x000000061be00000, 0x000000061c000000|  0%| F|  |TAMS 0x000000061be00000, 0x000000061be00000| Untracked 
| 119|0x000000061c000000, 0x000000061c000000, 0x000000061c200000|  0%| F|  |TAMS 0x000000061c000000, 0x000000061c000000| Untracked 
| 120|0x000000061c200000, 0x000000061c200000, 0x000000061c400000|  0%| F|  |TAMS 0x000000061c200000, 0x000000061c200000| Untracked 
| 121|0x000000061c400000, 0x000000061c400000, 0x000000061c600000|  0%| F|  |TAMS 0x000000061c400000, 0x000000061c400000| Untracked 
| 122|0x000000061c600000, 0x000000061c600000, 0x000000061c800000|  0%| F|  |TAMS 0x000000061c600000, 0x000000061c600000| Untracked 
| 123|0x000000061c800000, 0x000000061c800000, 0x000000061ca00000|  0%| F|  |TAMS 0x000000061c800000, 0x000000061c800000| Untracked 
| 124|0x000000061ca00000, 0x000000061ca00000, 0x000000061cc00000|  0%| F|  |TAMS 0x000000061ca00000, 0x000000061ca00000| Untracked 
| 125|0x000000061cc00000, 0x000000061cc00000, 0x000000061ce00000|  0%| F|  |TAMS 0x000000061cc00000, 0x000000061cc00000| Untracked 
| 126|0x000000061ce00000, 0x000000061ce00000, 0x000000061d000000|  0%| F|  |TAMS 0x000000061ce00000, 0x000000061ce00000| Untracked 
| 127|0x000000061d000000, 0x000000061d000000, 0x000000061d200000|  0%| F|  |TAMS 0x000000061d000000, 0x000000061d000000| Untracked 
| 128|0x000000061d200000, 0x000000061d200000, 0x000000061d400000|  0%| F|  |TAMS 0x000000061d200000, 0x000000061d200000| Untracked 
| 129|0x000000061d400000, 0x000000061d400000, 0x000000061d600000|  0%| F|  |TAMS 0x000000061d400000, 0x000000061d400000| Untracked 
| 130|0x000000061d600000, 0x000000061d600000, 0x000000061d800000|  0%| F|  |TAMS 0x000000061d600000, 0x000000061d600000| Untracked 
| 131|0x000000061d800000, 0x000000061d800000, 0x000000061da00000|  0%| F|  |TAMS 0x000000061d800000, 0x000000061d800000| Untracked 
| 132|0x000000061da00000, 0x000000061da00000, 0x000000061dc00000|  0%| F|  |TAMS 0x000000061da00000, 0x000000061da00000| Untracked 
| 133|0x000000061dc00000, 0x000000061dc00000, 0x000000061de00000|  0%| F|  |TAMS 0x000000061dc00000, 0x000000061dc00000| Untracked 
| 134|0x000000061de00000, 0x000000061de00000, 0x000000061e000000|  0%| F|  |TAMS 0x000000061de00000, 0x000000061de00000| Untracked 
| 135|0x000000061e000000, 0x000000061e000000, 0x000000061e200000|  0%| F|  |TAMS 0x000000061e000000, 0x000000061e000000| Untracked 
| 136|0x000000061e200000, 0x000000061e200000, 0x000000061e400000|  0%| F|  |TAMS 0x000000061e200000, 0x000000061e200000| Untracked 
| 137|0x000000061e400000, 0x000000061e400000, 0x000000061e600000|  0%| F|  |TAMS 0x000000061e400000, 0x000000061e400000| Untracked 
| 138|0x000000061e600000, 0x000000061e600000, 0x000000061e800000|  0%| F|  |TAMS 0x000000061e600000, 0x000000061e600000| Untracked 
| 139|0x000000061e800000, 0x000000061e800000, 0x000000061ea00000|  0%| F|  |TAMS 0x000000061e800000, 0x000000061e800000| Untracked 
| 140|0x000000061ea00000, 0x000000061ea00000, 0x000000061ec00000|  0%| F|  |TAMS 0x000000061ea00000, 0x000000061ea00000| Untracked 
| 141|0x000000061ec00000, 0x000000061ec00000, 0x000000061ee00000|  0%| F|  |TAMS 0x000000061ec00000, 0x000000061ec00000| Untracked 
| 142|0x000000061ee00000, 0x000000061ee00000, 0x000000061f000000|  0%| F|  |TAMS 0x000000061ee00000, 0x000000061ee00000| Untracked 
| 143|0x000000061f000000, 0x000000061f000000, 0x000000061f200000|  0%| F|  |TAMS 0x000000061f000000, 0x000000061f000000| Untracked 
| 144|0x000000061f200000, 0x000000061f200000, 0x000000061f400000|  0%| F|  |TAMS 0x000000061f200000, 0x000000061f200000| Untracked 
| 145|0x000000061f400000, 0x000000061f400000, 0x000000061f600000|  0%| F|  |TAMS 0x000000061f400000, 0x000000061f400000| Untracked 
| 146|0x000000061f600000, 0x000000061f600000, 0x000000061f800000|  0%| F|  |TAMS 0x000000061f600000, 0x000000061f600000| Untracked 
| 147|0x000000061f800000, 0x000000061f800000, 0x000000061fa00000|  0%| F|  |TAMS 0x000000061f800000, 0x000000061f800000| Untracked 
| 148|0x000000061fa00000, 0x000000061fa00000, 0x000000061fc00000|  0%| F|  |TAMS 0x000000061fa00000, 0x000000061fa00000| Untracked 
| 149|0x000000061fc00000, 0x000000061fc00000, 0x000000061fe00000|  0%| F|  |TAMS 0x000000061fc00000, 0x000000061fc00000| Untracked 
| 150|0x000000061fe00000, 0x000000061fe00000, 0x0000000620000000|  0%| F|  |TAMS 0x000000061fe00000, 0x000000061fe00000| Untracked 
| 151|0x0000000620000000, 0x0000000620000000, 0x0000000620200000|  0%| F|  |TAMS 0x0000000620000000, 0x0000000620000000| Untracked 
| 152|0x0000000620200000, 0x0000000620200000, 0x0000000620400000|  0%| F|  |TAMS 0x0000000620200000, 0x0000000620200000| Untracked 
| 153|0x0000000620400000, 0x0000000620400000, 0x0000000620600000|  0%| F|  |TAMS 0x0000000620400000, 0x0000000620400000| Untracked 
| 154|0x0000000620600000, 0x0000000620600000, 0x0000000620800000|  0%| F|  |TAMS 0x0000000620600000, 0x0000000620600000| Untracked 
| 155|0x0000000620800000, 0x0000000620800000, 0x0000000620a00000|  0%| F|  |TAMS 0x0000000620800000, 0x0000000620800000| Untracked 
| 156|0x0000000620a00000, 0x0000000620a00000, 0x0000000620c00000|  0%| F|  |TAMS 0x0000000620a00000, 0x0000000620a00000| Untracked 
| 157|0x0000000620c00000, 0x0000000620c00000, 0x0000000620e00000|  0%| F|  |TAMS 0x0000000620c00000, 0x0000000620c00000| Untracked 
| 158|0x0000000620e00000, 0x0000000620e00000, 0x0000000621000000|  0%| F|  |TAMS 0x0000000620e00000, 0x0000000620e00000| Untracked 
| 159|0x0000000621000000, 0x0000000621000000, 0x0000000621200000|  0%| F|  |TAMS 0x0000000621000000, 0x0000000621000000| Untracked 
| 160|0x0000000621200000, 0x0000000621200000, 0x0000000621400000|  0%| F|  |TAMS 0x0000000621200000, 0x0000000621200000| Untracked 
| 161|0x0000000621400000, 0x0000000621400000, 0x0000000621600000|  0%| F|  |TAMS 0x0000000621400000, 0x0000000621400000| Untracked 
| 162|0x0000000621600000, 0x0000000621600000, 0x0000000621800000|  0%| F|  |TAMS 0x0000000621600000, 0x0000000621600000| Untracked 
| 163|0x0000000621800000, 0x0000000621800000, 0x0000000621a00000|  0%| F|  |TAMS 0x0000000621800000, 0x0000000621800000| Untracked 
| 164|0x0000000621a00000, 0x0000000621a00000, 0x0000000621c00000|  0%| F|  |TAMS 0x0000000621a00000, 0x0000000621a00000| Untracked 
| 165|0x0000000621c00000, 0x0000000621c00000, 0x0000000621e00000|  0%| F|  |TAMS 0x0000000621c00000, 0x0000000621c00000| Untracked 
| 166|0x0000000621e00000, 0x0000000621e00000, 0x0000000622000000|  0%| F|  |TAMS 0x0000000621e00000, 0x0000000621e00000| Untracked 
| 167|0x0000000622000000, 0x0000000622000000, 0x0000000622200000|  0%| F|  |TAMS 0x0000000622000000, 0x0000000622000000| Untracked 
| 168|0x0000000622200000, 0x0000000622200000, 0x0000000622400000|  0%| F|  |TAMS 0x0000000622200000, 0x0000000622200000| Untracked 
| 169|0x0000000622400000, 0x0000000622400000, 0x0000000622600000|  0%| F|  |TAMS 0x0000000622400000, 0x0000000622400000| Untracked 
| 170|0x0000000622600000, 0x0000000622600000, 0x0000000622800000|  0%| F|  |TAMS 0x0000000622600000, 0x0000000622600000| Untracked 
| 171|0x0000000622800000, 0x0000000622800000, 0x0000000622a00000|  0%| F|  |TAMS 0x0000000622800000, 0x0000000622800000| Untracked 
| 172|0x0000000622a00000, 0x0000000622a00000, 0x0000000622c00000|  0%| F|  |TAMS 0x0000000622a00000, 0x0000000622a00000| Untracked 
| 173|0x0000000622c00000, 0x0000000622c00000, 0x0000000622e00000|  0%| F|  |TAMS 0x0000000622c00000, 0x0000000622c00000| Untracked 
| 174|0x0000000622e00000, 0x0000000622e00000, 0x0000000623000000|  0%| F|  |TAMS 0x0000000622e00000, 0x0000000622e00000| Untracked 
| 175|0x0000000623000000, 0x0000000623000000, 0x0000000623200000|  0%| F|  |TAMS 0x0000000623000000, 0x0000000623000000| Untracked 
| 176|0x0000000623200000, 0x0000000623200000, 0x0000000623400000|  0%| F|  |TAMS 0x0000000623200000, 0x0000000623200000| Untracked 
| 177|0x0000000623400000, 0x0000000623400000, 0x0000000623600000|  0%| F|  |TAMS 0x0000000623400000, 0x0000000623400000| Untracked 
| 178|0x0000000623600000, 0x0000000623600000, 0x0000000623800000|  0%| F|  |TAMS 0x0000000623600000, 0x0000000623600000| Untracked 
| 179|0x0000000623800000, 0x0000000623800000, 0x0000000623a00000|  0%| F|  |TAMS 0x0000000623800000, 0x0000000623800000| Untracked 
| 180|0x0000000623a00000, 0x0000000623a00000, 0x0000000623c00000|  0%| F|  |TAMS 0x0000000623a00000, 0x0000000623a00000| Untracked 
| 181|0x0000000623c00000, 0x0000000623c00000, 0x0000000623e00000|  0%| F|  |TAMS 0x0000000623c00000, 0x0000000623c00000| Untracked 
| 182|0x0000000623e00000, 0x0000000623e00000, 0x0000000624000000|  0%| F|  |TAMS 0x0000000623e00000, 0x0000000623e00000| Untracked 
| 183|0x0000000624000000, 0x0000000624000000, 0x0000000624200000|  0%| F|  |TAMS 0x0000000624000000, 0x0000000624000000| Untracked 
| 184|0x0000000624200000, 0x0000000624200000, 0x0000000624400000|  0%| F|  |TAMS 0x0000000624200000, 0x0000000624200000| Untracked 
| 185|0x0000000624400000, 0x0000000624400000, 0x0000000624600000|  0%| F|  |TAMS 0x0000000624400000, 0x0000000624400000| Untracked 
| 186|0x0000000624600000, 0x0000000624600000, 0x0000000624800000|  0%| F|  |TAMS 0x0000000624600000, 0x0000000624600000| Untracked 
| 187|0x0000000624800000, 0x0000000624800000, 0x0000000624a00000|  0%| F|  |TAMS 0x0000000624800000, 0x0000000624800000| Untracked 
| 188|0x0000000624a00000, 0x0000000624a00000, 0x0000000624c00000|  0%| F|  |TAMS 0x0000000624a00000, 0x0000000624a00000| Untracked 
| 189|0x0000000624c00000, 0x0000000624c00000, 0x0000000624e00000|  0%| F|  |TAMS 0x0000000624c00000, 0x0000000624c00000| Untracked 
| 190|0x0000000624e00000, 0x0000000624e00000, 0x0000000625000000|  0%| F|  |TAMS 0x0000000624e00000, 0x0000000624e00000| Untracked 
| 191|0x0000000625000000, 0x0000000625000000, 0x0000000625200000|  0%| F|  |TAMS 0x0000000625000000, 0x0000000625000000| Untracked 
| 192|0x0000000625200000, 0x0000000625200000, 0x0000000625400000|  0%| F|  |TAMS 0x0000000625200000, 0x0000000625200000| Untracked 
| 193|0x0000000625400000, 0x0000000625400000, 0x0000000625600000|  0%| F|  |TAMS 0x0000000625400000, 0x0000000625400000| Untracked 
| 194|0x0000000625600000, 0x0000000625600000, 0x0000000625800000|  0%| F|  |TAMS 0x0000000625600000, 0x0000000625600000| Untracked 
| 195|0x0000000625800000, 0x0000000625800000, 0x0000000625a00000|  0%| F|  |TAMS 0x0000000625800000, 0x0000000625800000| Untracked 
| 196|0x0000000625a00000, 0x0000000625a00000, 0x0000000625c00000|  0%| F|  |TAMS 0x0000000625a00000, 0x0000000625a00000| Untracked 
| 197|0x0000000625c00000, 0x0000000625c00000, 0x0000000625e00000|  0%| F|  |TAMS 0x0000000625c00000, 0x0000000625c00000| Untracked 
| 198|0x0000000625e00000, 0x0000000625e00000, 0x0000000626000000|  0%| F|  |TAMS 0x0000000625e00000, 0x0000000625e00000| Untracked 
| 199|0x0000000626000000, 0x0000000626000000, 0x0000000626200000|  0%| F|  |TAMS 0x0000000626000000, 0x0000000626000000| Untracked 
| 200|0x0000000626200000, 0x0000000626200000, 0x0000000626400000|  0%| F|  |TAMS 0x0000000626200000, 0x0000000626200000| Untracked 
| 201|0x0000000626400000, 0x0000000626400000, 0x0000000626600000|  0%| F|  |TAMS 0x0000000626400000, 0x0000000626400000| Untracked 
| 202|0x0000000626600000, 0x0000000626600000, 0x0000000626800000|  0%| F|  |TAMS 0x0000000626600000, 0x0000000626600000| Untracked 
| 203|0x0000000626800000, 0x0000000626800000, 0x0000000626a00000|  0%| F|  |TAMS 0x0000000626800000, 0x0000000626800000| Untracked 
| 204|0x0000000626a00000, 0x0000000626a00000, 0x0000000626c00000|  0%| F|  |TAMS 0x0000000626a00000, 0x0000000626a00000| Untracked 
| 205|0x0000000626c00000, 0x0000000626c00000, 0x0000000626e00000|  0%| F|  |TAMS 0x0000000626c00000, 0x0000000626c00000| Untracked 
| 206|0x0000000626e00000, 0x0000000626e00000, 0x0000000627000000|  0%| F|  |TAMS 0x0000000626e00000, 0x0000000626e00000| Untracked 
| 207|0x0000000627000000, 0x0000000627000000, 0x0000000627200000|  0%| F|  |TAMS 0x0000000627000000, 0x0000000627000000| Untracked 
| 208|0x0000000627200000, 0x0000000627200000, 0x0000000627400000|  0%| F|  |TAMS 0x0000000627200000, 0x0000000627200000| Untracked 
| 209|0x0000000627400000, 0x0000000627400000, 0x0000000627600000|  0%| F|  |TAMS 0x0000000627400000, 0x0000000627400000| Untracked 
| 210|0x0000000627600000, 0x0000000627600000, 0x0000000627800000|  0%| F|  |TAMS 0x0000000627600000, 0x0000000627600000| Untracked 
| 211|0x0000000627800000, 0x0000000627800000, 0x0000000627a00000|  0%| F|  |TAMS 0x0000000627800000, 0x0000000627800000| Untracked 
| 212|0x0000000627a00000, 0x0000000627a00000, 0x0000000627c00000|  0%| F|  |TAMS 0x0000000627a00000, 0x0000000627a00000| Untracked 
| 213|0x0000000627c00000, 0x0000000627c00000, 0x0000000627e00000|  0%| F|  |TAMS 0x0000000627c00000, 0x0000000627c00000| Untracked 
| 214|0x0000000627e00000, 0x0000000627e00000, 0x0000000628000000|  0%| F|  |TAMS 0x0000000627e00000, 0x0000000627e00000| Untracked 
| 215|0x0000000628000000, 0x0000000628000000, 0x0000000628200000|  0%| F|  |TAMS 0x0000000628000000, 0x0000000628000000| Untracked 
| 216|0x0000000628200000, 0x0000000628200000, 0x0000000628400000|  0%| F|  |TAMS 0x0000000628200000, 0x0000000628200000| Untracked 
| 217|0x0000000628400000, 0x0000000628400000, 0x0000000628600000|  0%| F|  |TAMS 0x0000000628400000, 0x0000000628400000| Untracked 
| 218|0x0000000628600000, 0x0000000628600000, 0x0000000628800000|  0%| F|  |TAMS 0x0000000628600000, 0x0000000628600000| Untracked 
| 219|0x0000000628800000, 0x0000000628800000, 0x0000000628a00000|  0%| F|  |TAMS 0x0000000628800000, 0x0000000628800000| Untracked 
| 220|0x0000000628a00000, 0x0000000628a00000, 0x0000000628c00000|  0%| F|  |TAMS 0x0000000628a00000, 0x0000000628a00000| Untracked 
| 221|0x0000000628c00000, 0x0000000628c00000, 0x0000000628e00000|  0%| F|  |TAMS 0x0000000628c00000, 0x0000000628c00000| Untracked 
| 222|0x0000000628e00000, 0x0000000628e00000, 0x0000000629000000|  0%| F|  |TAMS 0x0000000628e00000, 0x0000000628e00000| Untracked 
| 223|0x0000000629000000, 0x0000000629000000, 0x0000000629200000|  0%| F|  |TAMS 0x0000000629000000, 0x0000000629000000| Untracked 
| 224|0x0000000629200000, 0x0000000629200000, 0x0000000629400000|  0%| F|  |TAMS 0x0000000629200000, 0x0000000629200000| Untracked 
| 225|0x0000000629400000, 0x0000000629400000, 0x0000000629600000|  0%| F|  |TAMS 0x0000000629400000, 0x0000000629400000| Untracked 
| 226|0x0000000629600000, 0x0000000629600000, 0x0000000629800000|  0%| F|  |TAMS 0x0000000629600000, 0x0000000629600000| Untracked 
| 227|0x0000000629800000, 0x0000000629800000, 0x0000000629a00000|  0%| F|  |TAMS 0x0000000629800000, 0x0000000629800000| Untracked 
| 228|0x0000000629a00000, 0x0000000629a00000, 0x0000000629c00000|  0%| F|  |TAMS 0x0000000629a00000, 0x0000000629a00000| Untracked 
| 229|0x0000000629c00000, 0x0000000629c00000, 0x0000000629e00000|  0%| F|  |TAMS 0x0000000629c00000, 0x0000000629c00000| Untracked 
| 230|0x0000000629e00000, 0x0000000629e00000, 0x000000062a000000|  0%| F|  |TAMS 0x0000000629e00000, 0x0000000629e00000| Untracked 
| 231|0x000000062a000000, 0x000000062a000000, 0x000000062a200000|  0%| F|  |TAMS 0x000000062a000000, 0x000000062a000000| Untracked 
| 232|0x000000062a200000, 0x000000062a200000, 0x000000062a400000|  0%| F|  |TAMS 0x000000062a200000, 0x000000062a200000| Untracked 
| 233|0x000000062a400000, 0x000000062a507d98, 0x000000062a600000| 51%| S|CS|TAMS 0x000000062a400000, 0x000000062a400000| Complete 
| 234|0x000000062a600000, 0x000000062a800000, 0x000000062a800000|100%| S|CS|TAMS 0x000000062a600000, 0x000000062a600000| Complete 
| 235|0x000000062a800000, 0x000000062aa00000, 0x000000062aa00000|100%| S|CS|TAMS 0x000000062a800000, 0x000000062a800000| Complete 
| 236|0x000000062aa00000, 0x000000062ac00000, 0x000000062ac00000|100%| S|CS|TAMS 0x000000062aa00000, 0x000000062aa00000| Complete 
| 237|0x000000062ac00000, 0x000000062ae00000, 0x000000062ae00000|100%| S|CS|TAMS 0x000000062ac00000, 0x000000062ac00000| Complete 
| 238|0x000000062ae00000, 0x000000062ae00000, 0x000000062b000000|  0%| F|  |TAMS 0x000000062ae00000, 0x000000062ae00000| Untracked 
| 239|0x000000062b000000, 0x000000062b000000, 0x000000062b200000|  0%| F|  |TAMS 0x000000062b000000, 0x000000062b000000| Untracked 
| 240|0x000000062b200000, 0x000000062b200000, 0x000000062b400000|  0%| F|  |TAMS 0x000000062b200000, 0x000000062b200000| Untracked 
| 241|0x000000062b400000, 0x000000062b400000, 0x000000062b600000|  0%| F|  |TAMS 0x000000062b400000, 0x000000062b400000| Untracked 
| 242|0x000000062b600000, 0x000000062b600000, 0x000000062b800000|  0%| F|  |TAMS 0x000000062b600000, 0x000000062b600000| Untracked 
| 243|0x000000062b800000, 0x000000062b800000, 0x000000062ba00000|  0%| F|  |TAMS 0x000000062b800000, 0x000000062b800000| Untracked 
| 244|0x000000062ba00000, 0x000000062ba00000, 0x000000062bc00000|  0%| F|  |TAMS 0x000000062ba00000, 0x000000062ba00000| Untracked 
| 245|0x000000062bc00000, 0x000000062bc00000, 0x000000062be00000|  0%| F|  |TAMS 0x000000062bc00000, 0x000000062bc00000| Untracked 
| 246|0x000000062be00000, 0x000000062be00000, 0x000000062c000000|  0%| F|  |TAMS 0x000000062be00000, 0x000000062be00000| Untracked 
| 247|0x000000062c000000, 0x000000062c000000, 0x000000062c200000|  0%| F|  |TAMS 0x000000062c000000, 0x000000062c000000| Untracked 
| 248|0x000000062c200000, 0x000000062c200000, 0x000000062c400000|  0%| F|  |TAMS 0x000000062c200000, 0x000000062c200000| Untracked 
| 249|0x000000062c400000, 0x000000062c400000, 0x000000062c600000|  0%| F|  |TAMS 0x000000062c400000, 0x000000062c400000| Untracked 

Card table byte_map: [0x000002a62ec50000,0x000002a62fbf0000] _byte_map_base: 0x000002a62bbe7000

Marking Bits (Prev, Next): (CMBitMap*) 0x000002a61a8a9ac0, (CMBitMap*) 0x000002a61a8a9a88
 Prev Bits: [0x000002a638850000, 0x000002a640508000)
 Next Bits: [0x000002a630b90000, 0x000002a638848000)

Polling page: 0x000002a61a000000

Metaspace:

Usage:
  Non-class:     30.22 MB capacity,    29.44 MB ( 97%) used,   654.84 KB (  2%) free+waste,   150.63 KB ( <1%) overhead. 
      Class:      4.73 MB capacity,     4.23 MB ( 89%) used,   436.43 KB (  9%) free+waste,    76.56 KB (  2%) overhead. 
       Both:     34.95 MB capacity,    33.67 MB ( 96%) used,     1.07 MB (  3%) free+waste,   227.19 KB ( <1%) overhead. 

Virtual space:
  Non-class space:       32.00 MB reserved,      30.33 MB ( 95%) committed 
      Class space:        1.00 GB reserved,       4.75 MB ( <1%) committed 
             Both:        1.03 GB reserved,      35.08 MB (  3%) committed 

Chunk freelists:
   Non-Class:  11.00 KB
       Class:  0 bytes
        Both:  11.00 KB

MaxMetaspaceSize: 17179869184.00 GB
CompressedClassSpaceSize: 1.00 GB

CodeHeap 'non-profiled nmethods': size=233856Kb used=5588Kb max_used=5588Kb free=228267Kb
 bounds [0x000002a61efd0000, 0x000002a61f550000, 0x000002a62d430000]
CodeHeap 'non-nmethods': size=11904Kb used=1163Kb max_used=1163Kb free=10740Kb
 bounds [0x000002a61e430000, 0x000002a61e6a0000, 0x000002a61efd0000]
 total_blobs=4105 nmethods=3615 adapters=415
 compilation: enabled
              stopped_count=0, restarted_count=0
 full_count=0

Compilation events (20 events):
Event: 1.583 Thread 0x000002a644014800 3606       1       jdk.internal.reflect.DelegatingMethodAccessorImpl::<init> (10 bytes)
Event: 1.583 Thread 0x000002a644014800 nmethod 3606 0x000002a61f542110 code [0x000002a61f5422c0, 0x000002a61f5423d8]
Event: 1.583 Thread 0x000002a644014800 3607       1       sun.reflect.annotation.AnnotationParser::skipMemberValue (11 bytes)
Event: 1.583 Thread 0x000002a644014800 nmethod 3607 0x000002a61f542490 code [0x000002a61f542640, 0x000002a61f542738]
Event: 1.583 Thread 0x000002a644014800 3608       1       sun.reflect.annotation.AnnotationParser::skipMemberValue (65 bytes)
Event: 1.583 Thread 0x000002a644014800 nmethod 3608 0x000002a61f542810 code [0x000002a61f542a00, 0x000002a61f542bf8]
Event: 1.583 Thread 0x000002a644014800 3609       1       org.springframework.core.annotation.AnnotatedElementUtils$AnnotatedElementForAnnotations::getDeclaredAnnotations (11 bytes)
Event: 1.583 Thread 0x000002a644014800 nmethod 3609 0x000002a61f542d90 code [0x000002a61f542f40, 0x000002a61f543088]
Event: 1.583 Thread 0x000002a644014800 3610   !   1       com.sun.proxy.$Proxy38::annotationType (29 bytes)
Event: 1.583 Thread 0x000002a644014800 nmethod 3610 0x000002a61f543110 code [0x000002a61f5432e0, 0x000002a61f5434b8]
Event: 1.583 Thread 0x000002a644014800 3611       1       org.springframework.beans.factory.config.DependencyDescriptor::isEager (5 bytes)
Event: 1.583 Thread 0x000002a644014800 nmethod 3611 0x000002a61f543610 code [0x000002a61f5437c0, 0x000002a61f543878]
Event: 1.584 Thread 0x000002a644014800 3612       1       org.springframework.core.MethodParameter::initParameterNameDiscovery (6 bytes)
Event: 1.584 Thread 0x000002a644014800 nmethod 3612 0x000002a61f543910 code [0x000002a61f543ac0, 0x000002a61f543bd8]
Event: 1.584 Thread 0x000002a644014800 3614       1       org.springframework.beans.factory.annotation.QualifierAnnotationAutowireCandidateResolver::findValue (29 bytes)
Event: 1.585 Thread 0x000002a644014800 nmethod 3614 0x000002a61f543c90 code [0x000002a61f543ec0, 0x000002a61f544398]
Event: 1.585 Thread 0x000002a644014800 3615       1       org.springframework.beans.factory.support.ConstructorResolver::setCurrentInjectionPoint (32 bytes)
Event: 1.585 Thread 0x000002a644014800 nmethod 3615 0x000002a61f544690 code [0x000002a61f544880, 0x000002a61f544b58]
Event: 1.585 Thread 0x000002a644014800 3613       1       org.springframework.beans.factory.config.DependencyDescriptor::resolveShortcut (2 bytes)
Event: 1.585 Thread 0x000002a644014800 nmethod 3613 0x000002a61f544d90 code [0x000002a61f544f40, 0x000002a61f544ff8]

GC Heap History (9 events):
Event: 0.613 GC heap before
{Heap before GC invocations=0 (full 0):
 garbage-first heap   total 512000K, used 24576K [0x000000060d200000, 0x0000000800000000)
  region size 2048K, 12 young (24576K), 0 survivors (0K)
 Metaspace       used 15039K, capacity 15392K, committed 15616K, reserved 1062912K
  class space    used 1632K, capacity 1777K, committed 1792K, reserved 1048576K
}
Event: 0.617 GC heap after
{Heap after GC invocations=1 (full 0):
 garbage-first heap   total 512000K, used 4953K [0x000000060d200000, 0x0000000800000000)
  region size 2048K, 2 young (4096K), 2 survivors (4096K)
 Metaspace       used 15039K, capacity 15392K, committed 15616K, reserved 1062912K
  class space    used 1632K, capacity 1777K, committed 1792K, reserved 1048576K
}
Event: 0.786 GC heap before
{Heap before GC invocations=1 (full 0):
 garbage-first heap   total 512000K, used 29529K [0x000000060d200000, 0x0000000800000000)
  region size 2048K, 15 young (30720K), 2 survivors (4096K)
 Metaspace       used 20601K, capacity 21179K, committed 21296K, reserved 1069056K
  class space    used 2377K, capacity 2632K, committed 2688K, reserved 1048576K
}
Event: 0.790 GC heap after
{Heap after GC invocations=2 (full 0):
 garbage-first heap   total 512000K, used 6498K [0x000000060d200000, 0x0000000800000000)
  region size 2048K, 3 young (6144K), 3 survivors (6144K)
 Metaspace       used 20601K, capacity 21179K, committed 21296K, reserved 1069056K
  class space    used 2377K, capacity 2632K, committed 2688K, reserved 1048576K
}
Event: 0.996 GC heap before
{Heap before GC invocations=3 (full 0):
 garbage-first heap   total 512000K, used 39266K [0x000000060d200000, 0x0000000800000000)
  region size 2048K, 19 young (38912K), 3 survivors (6144K)
 Metaspace       used 24097K, capacity 24897K, committed 25136K, reserved 1071104K
  class space    used 2878K, capacity 3190K, committed 3200K, reserved 1048576K
}
Event: 0.999 GC heap after
{Heap after GC invocations=4 (full 0):
 garbage-first heap   total 512000K, used 8757K [0x000000060d200000, 0x0000000800000000)
  region size 2048K, 2 young (4096K), 2 survivors (4096K)
 Metaspace       used 24097K, capacity 24897K, committed 25136K, reserved 1071104K
  class space    used 2878K, capacity 3190K, committed 3200K, reserved 1048576K
}
Event: 1.396 GC heap before
{Heap before GC invocations=4 (full 0):
 garbage-first heap   total 512000K, used 62005K [0x000000060d200000, 0x0000000800000000)
  region size 2048K, 29 young (59392K), 2 survivors (4096K)
 Metaspace       used 31543K, capacity 32759K, committed 32944K, reserved 1077248K
  class space    used 3894K, capacity 4347K, committed 4352K, reserved 1048576K
}
Event: 1.400 GC heap after
{Heap after GC invocations=5 (full 0):
 garbage-first heap   total 512000K, used 11794K [0x000000060d200000, 0x0000000800000000)
  region size 2048K, 4 young (8192K), 4 survivors (8192K)
 Metaspace       used 31543K, capacity 32759K, committed 32944K, reserved 1077248K
  class space    used 3894K, capacity 4347K, committed 4352K, reserved 1048576K
}
Event: 1.589 GC heap before
{Heap before GC invocations=5 (full 0):
 garbage-first heap   total 512000K, used 34322K [0x000000060d200000, 0x0000000800000000)
  region size 2048K, 16 young (32768K), 4 survivors (8192K)
 Metaspace       used 34474K, capacity 35793K, committed 35920K, reserved 1081344K
  class space    used 4331K, capacity 4844K, committed 4864K, reserved 1048576K
}

Deoptimization events (0 events):
No events

Classes redefined (0 events):
No events

Internal exceptions (20 events):
Event: 1.407 Thread 0x000002a61a826000 Exception <a 'java/lang/NoSuchMethodError'{0x000000062c4925e8}: 'java.lang.Object java.lang.invoke.Invokers$Holder.linkToTargetMethod(java.lang.Object, java.lang.Object, java.lang.Object, java.lang.Object, java.lang.Object, java.lang.Object, java.lang.Object, java.lang.Object)'> (0x000000062c4925e8) thrown at [./src/hotspot/share/interpreter/linkResolver.cpp, line 773]
Event: 1.408 Thread 0x000002a61a826000 Exception <a 'java/lang/NoSuchMethodError'{0x000000062c4ae7c8}: 'double java.lang.invoke.DirectMethodHandle$Holder.invokeStatic(java.lang.Object, java.lang.Object)'> (0x000000062c4ae7c8) thrown at [./src/hotspot/share/interpreter/linkResolver.cpp, line 773]
Event: 1.411 Thread 0x000002a61a826000 Exception <a 'java/lang/NoSuchMethodError'{0x000000062c573988}: 'double java.lang.invoke.DirectMethodHandle$Holder.invokeSpecial(java.lang.Object, java.lang.Object, java.lang.Object)'> (0x000000062c573988) thrown at [./src/hotspot/share/interpreter/linkResolver.cpp, line 773]
Event: 1.445 Thread 0x000002a61a826000 Exception <a 'java/io/FileNotFoundException'{0x000000062c172938}> (0x000000062c172938) thrown at [./src/hotspot/share/prims/jni.cpp, line 615]
Event: 1.466 Thread 0x000002a61a826000 Exception <a 'java/lang/ClassNotFoundException'{0x000000062bccf8b0}: java/lang/ObjectCustomizer> (0x000000062bccf8b0) thrown at [./src/hotspot/share/classfile/systemDictionary.cpp, line 231]
Event: 1.466 Thread 0x000002a61a826000 Exception <a 'java/lang/ClassNotFoundException'{0x000000062bcdc2d8}: org/springframework/web/servlet/config/annotation/WebMvcConfigurationSupportCustomizer> (0x000000062bcdc2d8) thrown at [./src/hotspot/share/classfile/systemDictionary.cpp, line 231]
Event: 1.466 Thread 0x000002a61a826000 Exception <a 'java/lang/ClassNotFoundException'{0x000000062bcf5220}: org/springframework/web/servlet/config/annotation/DelegatingWebMvcConfigurationCustomizer> (0x000000062bcf5220) thrown at [./src/hotspot/share/classfile/systemDictionary.cpp, line 231]
Event: 1.467 Thread 0x000002a61a826000 Exception <a 'java/lang/ClassNotFoundException'{0x000000062bd04668}: org/springframework/boot/autoconfigure/web/servlet/WebMvcAutoConfiguration$EnableWebMvcConfigurationCustomizer> (0x000000062bd04668) thrown at [./src/hotspot/share/classfile/systemDictionary.cpp, line 231]
Event: 1.467 Thread 0x000002a61a826000 Exception <a 'java/lang/ClassNotFoundException'{0x000000062bd1b9c8}: org/springframework/context/ResourceLoaderAwareCustomizer> (0x000000062bd1b9c8) thrown at [./src/hotspot/share/classfile/systemDictionary.cpp, line 231]
Event: 1.467 Thread 0x000002a61a826000 Exception <a 'java/lang/ClassNotFoundException'{0x000000062bd23f28}: org/springframework/beans/factory/AwareCustomizer> (0x000000062bd23f28) thrown at [./src/hotspot/share/classfile/systemDictionary.cpp, line 231]
Event: 1.468 Thread 0x000002a61a826000 Exception <a 'java/lang/ClassNotFoundException'{0x000000062bd2c2d8}: org/springframework/context/ApplicationContextAwareCustomizer> (0x000000062bd2c2d8) thrown at [./src/hotspot/share/classfile/systemDictionary.cpp, line 231]
Event: 1.468 Thread 0x000002a61a826000 Exception <a 'java/lang/ClassNotFoundException'{0x000000062bd351c8}: org/springframework/beans/factory/AwareCustomizer> (0x000000062bd351c8) thrown at [./src/hotspot/share/classfile/systemDictionary.cpp, line 231]
Event: 1.468 Thread 0x000002a61a826000 Exception <a 'java/lang/ClassNotFoundException'{0x000000062bd3d550}: org/springframework/web/context/ServletContextAwareCustomizer> (0x000000062bd3d550) thrown at [./src/hotspot/share/classfile/systemDictionary.cpp, line 231]
Event: 1.468 Thread 0x000002a61a826000 Exception <a 'java/lang/ClassNotFoundException'{0x000000062bd45f18}: org/springframework/beans/factory/AwareCustomizer> (0x000000062bd45f18) thrown at [./src/hotspot/share/classfile/systemDictionary.cpp, line 231]
Event: 1.507 Thread 0x000002a61a826000 Exception <a 'java/lang/NoSuchMethodError'{0x000000062b64abd0}: 'void java.lang.invoke.DirectMethodHandle$Holder.invokeVirtual(java.lang.Object, java.lang.Object, int)'> (0x000000062b64abd0) thrown at [./src/hotspot/share/interpreter/linkResolver.cpp, line 773]
Event: 1.507 Thread 0x000002a61a826000 Exception <a 'java/lang/NoSuchMethodError'{0x000000062b6649c8}: 'void java.lang.invoke.DirectMethodHandle$Holder.invokeVirtual(java.lang.Object, java.lang.Object, long)'> (0x000000062b6649c8) thrown at [./src/hotspot/share/interpreter/linkResolver.cpp, line 773]
Event: 1.547 Thread 0x000002a61a826000 Exception <a 'java/lang/IncompatibleClassChangeError'{0x000000062b332398}: Found class java.lang.Object, but interface was expected> (0x000000062b332398) thrown at [./src/hotspot/share/interpreter/linkResolver.cpp, line 839]
Event: 1.559 Thread 0x000002a61a826000 Exception <a 'java/lang/NoSuchMethodError'{0x000000062b0534d0}: 'int java.lang.invoke.DirectMethodHandle$Holder.invokeStaticInit(java.lang.Object, java.lang.Object, java.lang.Object, java.lang.Object)'> (0x000000062b0534d0) thrown at [./src/hotspot/share/interpreter/linkResolver.cpp, line 773]
Event: 1.571 Thread 0x000002a61a826000 Exception <a 'java/lang/NoSuchMethodError'{0x000000062b1bbb80}: 'java.lang.Object java.lang.invoke.DirectMethodHandle$Holder.invokeSpecial(java.lang.Object, java.lang.Object, java.lang.Object, java.lang.Object, java.lang.Object, java.lang.Object, java.lang.Object, java.lang.Object, java.lang.Object, java.lang.Object)'> (0x000000062b1bbb80) thrown at [./src/hotspot/share/interpreter/linkResolver.cpp, line 773]
Event: 1.571 Thread 0x000002a61a826000 Exception <a 'java/lang/NoSuchMethodError'{0x000000062b1bfd50}: 'java.lang.Object java.lang.invoke.Invokers$Holder.linkToTargetMethod(java.lang.Object, java.lang.Object, java.lang.Object, java.lang.Object, java.lang.Object, java.lang.Object, java.lang.Object, java.lang.Object, java.lang.Object)'> (0x000000062b1bfd50) thrown at [./src/hotspot/share/interpreter/linkResolver.cpp, line 773]

Events (20 events):
Event: 1.587 loading class org/springframework/jmx/support/MBeanServerFactoryBean done
Event: 1.588 loading class org/springframework/jmx/support/JmxUtils
Event: 1.588 loading class org/springframework/jmx/support/JmxUtils done
Event: 1.588 loading class javax/management/Attribute
Event: 1.588 loading class javax/management/Attribute done
Event: 1.588 loading class javax/management/modelmbean/ModelMBeanInfo
Event: 1.588 loading class javax/management/modelmbean/ModelMBeanInfo done
Event: 1.588 loading class org/springframework/jmx/export/MBeanExporterListener
Event: 1.588 loading class org/springframework/jmx/export/MBeanExporterListener done
Event: 1.588 loading class javax/management/modelmbean/ModelMBean
Event: 1.588 loading class javax/management/PersistentMBean
Event: 1.588 loading class javax/management/PersistentMBean done
Event: 1.588 loading class javax/management/modelmbean/ModelMBean done
Event: 1.588 loading class org/springframework/jmx/export/NotificationListenerBean
Event: 1.588 loading class org/springframework/jmx/export/NotificationListenerBean done
Event: 1.589 loading class org/springframework/jmx/support/NotificationListenerHolder
Event: 1.589 loading class org/springframework/jmx/support/NotificationListenerHolder done
Event: 1.589 loading class org/springframework/jmx/export/MBeanExporter$AutodetectCallback
Event: 1.589 loading class org/springframework/jmx/export/MBeanExporter$AutodetectCallback done
Event: 1.589 Executing VM operation: CollectForMetadataAllocation


Dynamic libraries:
0x00007ff72c9e0000 - 0x00007ff72c9ea000 	C:\Program Files\JetBrains\IntelliJ IDEA 2020.3.2\jbr\bin\java.exe
0x00007ffb962f0000 - 0x00007ffb964e5000 	C:\Windows\SYSTEM32\ntdll.dll
0x00007ffb944c0000 - 0x00007ffb9457d000 	C:\Windows\System32\KERNEL32.DLL
0x00007ffb93ef0000 - 0x00007ffb941b9000 	C:\Windows\System32\KERNELBASE.dll
0x00007ffb93cb0000 - 0x00007ffb93db0000 	C:\Windows\System32\ucrtbase.dll
0x00007ffb76300000 - 0x00007ffb76317000 	C:\Program Files\JetBrains\IntelliJ IDEA 2020.3.2\jbr\bin\VCRUNTIME140.dll
0x00007ffb75630000 - 0x00007ffb75649000 	C:\Program Files\JetBrains\IntelliJ IDEA 2020.3.2\jbr\bin\jli.dll
0x00007ffb94320000 - 0x00007ffb944c0000 	C:\Windows\System32\USER32.dll
0x00007ffb942f0000 - 0x00007ffb94312000 	C:\Windows\System32\win32u.dll
0x00007ffb805b0000 - 0x00007ffb8084a000 	C:\Windows\WinSxS\amd64_microsoft.windows.common-controls_6595b64144ccf1df_6.0.19041.844_none_ca00b6081b84eb1d\COMCTL32.dll
0x00007ffb94e10000 - 0x00007ffb94e3a000 	C:\Windows\System32\GDI32.dll
0x00007ffb95360000 - 0x00007ffb953fe000 	C:\Windows\System32\msvcrt.dll
0x00007ffb93de0000 - 0x00007ffb93eeb000 	C:\Windows\System32\gdi32full.dll
0x00007ffb93c10000 - 0x00007ffb93cad000 	C:\Windows\System32\msvcp_win.dll
0x00007ffb96040000 - 0x00007ffb96070000 	C:\Windows\System32\IMM32.DLL
0x00007ffb5ee40000 - 0x00007ffb5eedd000 	C:\Program Files\JetBrains\IntelliJ IDEA 2020.3.2\jbr\bin\msvcp140.dll
0x00007ffb48ea0000 - 0x00007ffb49970000 	C:\Program Files\JetBrains\IntelliJ IDEA 2020.3.2\jbr\bin\server\jvm.dll
0x00007ffb952b0000 - 0x00007ffb9535c000 	C:\Windows\System32\ADVAPI32.dll
0x00007ffb94e60000 - 0x00007ffb94efc000 	C:\Windows\System32\sechost.dll
0x00007ffb96070000 - 0x00007ffb9619b000 	C:\Windows\System32\RPCRT4.dll
0x00007ffb94e40000 - 0x00007ffb94e48000 	C:\Windows\System32\PSAPI.DLL
0x00007ffb79b80000 - 0x00007ffb79b89000 	C:\Windows\SYSTEM32\WSOCK32.dll
0x00007ffb8b2c0000 - 0x00007ffb8b2ca000 	C:\Windows\SYSTEM32\VERSION.dll
0x00007ffb8b290000 - 0x00007ffb8b2b7000 	C:\Windows\SYSTEM32\WINMM.dll
0x00007ffb94f00000 - 0x00007ffb94f6b000 	C:\Windows\System32\WS2_32.dll
0x00007ffb91940000 - 0x00007ffb91952000 	C:\Windows\SYSTEM32\kernel.appcore.dll
0x00007ffb91230000 - 0x00007ffb91241000 	C:\Program Files\JetBrains\IntelliJ IDEA 2020.3.2\jbr\bin\verify.dll
0x00007ffb85e20000 - 0x00007ffb86004000 	C:\Windows\SYSTEM32\DBGHELP.DLL
0x00007ffb888b0000 - 0x00007ffb888dc000 	C:\Windows\SYSTEM32\dbgcore.DLL
0x00007ffb941c0000 - 0x00007ffb94240000 	C:\Windows\System32\bcryptPrimitives.dll
0x00007ffb7e8f0000 - 0x00007ffb7e919000 	C:\Program Files\JetBrains\IntelliJ IDEA 2020.3.2\jbr\bin\java.dll
0x00007ffb91260000 - 0x00007ffb9126b000 	C:\Program Files\JetBrains\IntelliJ IDEA 2020.3.2\jbr\bin\jimage.dll
0x00007ffb6be70000 - 0x00007ffb6be7f000 	C:\Program Files\JetBrains\IntelliJ IDEA 2020.3.2\jbr\bin\instrument.dll
0x00007ffb8e230000 - 0x00007ffb8e248000 	C:\Program Files\JetBrains\IntelliJ IDEA 2020.3.2\jbr\bin\zip.dll
0x00007ffb958f0000 - 0x00007ffb96032000 	C:\Windows\System32\SHELL32.dll
0x00007ffb91b40000 - 0x00007ffb922d0000 	C:\Windows\SYSTEM32\windows.storage.dll
0x00007ffb95400000 - 0x00007ffb95755000 	C:\Windows\System32\combase.dll
0x00007ffb933a0000 - 0x00007ffb933cc000 	C:\Windows\SYSTEM32\Wldp.dll
0x00007ffb957c0000 - 0x00007ffb9586e000 	C:\Windows\System32\SHCORE.dll
0x00007ffb95760000 - 0x00007ffb957b5000 	C:\Windows\System32\shlwapi.dll
0x00007ffb93940000 - 0x00007ffb9395f000 	C:\Windows\SYSTEM32\profapi.dll
0x00007ffb7e5a0000 - 0x00007ffb7e5ba000 	C:\Program Files\JetBrains\IntelliJ IDEA 2020.3.2\jbr\bin\net.dll
0x00007ffb8cee0000 - 0x00007ffb8cfec000 	C:\Windows\SYSTEM32\WINHTTP.dll
0x00007ffb93190000 - 0x00007ffb931fa000 	C:\Windows\system32\mswsock.dll
0x00007ffb7e580000 - 0x00007ffb7e594000 	C:\Program Files\JetBrains\IntelliJ IDEA 2020.3.2\jbr\bin\nio.dll
0x00007ffb5e3c0000 - 0x00007ffb5e3da000 	C:\Program Files\JetBrains\IntelliJ IDEA 2020.3.2\bin\breakgen64.dll
0x00007ffb92e90000 - 0x00007ffb92f5b000 	C:\Windows\SYSTEM32\DNSAPI.dll
0x00007ffb92e50000 - 0x00007ffb92e8b000 	C:\Windows\SYSTEM32\IPHLPAPI.DLL
0x00007ffb94e00000 - 0x00007ffb94e08000 	C:\Windows\System32\NSI.dll
0x00007ffb8ccb0000 - 0x00007ffb8ccba000 	C:\Windows\System32\rasadhlp.dll
0x00007ffb8bde0000 - 0x00007ffb8be5f000 	C:\Windows\System32\fwpuclnt.dll
0x00007ffb93db0000 - 0x00007ffb93dd7000 	C:\Windows\System32\bcrypt.dll
0x00007ffb91220000 - 0x00007ffb9122a000 	C:\Program Files\JetBrains\IntelliJ IDEA 2020.3.2\jbr\bin\management.dll
0x00007ffb83c40000 - 0x00007ffb83c4c000 	C:\Program Files\JetBrains\IntelliJ IDEA 2020.3.2\jbr\bin\management_ext.dll
0x00007ffb933e0000 - 0x00007ffb933f8000 	C:\Windows\SYSTEM32\CRYPTSP.dll
0x00007ffb92ae0000 - 0x00007ffb92b14000 	C:\Windows\system32\rsaenh.dll
0x00007ffb938c0000 - 0x00007ffb938ee000 	C:\Windows\SYSTEM32\USERENV.dll
0x00007ffb93310000 - 0x00007ffb9331c000 	C:\Windows\SYSTEM32\CRYPTBASE.dll
0x00007ffb8de40000 - 0x00007ffb8de57000 	C:\Windows\SYSTEM32\dhcpcsvc6.DLL
0x00007ffb8dbb0000 - 0x00007ffb8dbcd000 	C:\Windows\SYSTEM32\dhcpcsvc.DLL
0x00007ffb83300000 - 0x00007ffb83317000 	C:\Windows\system32\napinsp.dll
0x00007ffb83210000 - 0x00007ffb8322b000 	C:\Windows\system32\pnrpnsp.dll
0x00007ffb8e620000 - 0x00007ffb8e635000 	C:\Windows\system32\wshbth.dll
0x00007ffb8f460000 - 0x00007ffb8f47d000 	C:\Windows\system32\NLAapi.dll
0x00007ffb830d0000 - 0x00007ffb830e2000 	C:\Windows\System32\winrnr.dll

dbghelp: loaded successfully - version: 4.0.5 - missing functions: none
symbol engine: initialized successfully - sym options: 0x614 - pdb path: .;C:\Program Files\JetBrains\IntelliJ IDEA 2020.3.2\jbr\bin;C:\Windows\SYSTEM32;C:\Windows\WinSxS\amd64_microsoft.windows.common-controls_6595b64144ccf1df_6.0.19041.844_none_ca00b6081b84eb1d;C:\Program Files\JetBrains\IntelliJ IDEA 2020.3.2\jbr\bin\server;C:\Program Files\JetBrains\IntelliJ IDEA 2020.3.2\bin

VM Arguments:
jvm_args: -Dvisualvm.id=57451506512300 -XX:TieredStopAtLevel=1 -Xverify:none -Dspring.output.ansi.enabled=always -javaagent:C:\Program Files\JetBrains\IntelliJ IDEA 2020.3.2\lib\idea_rt.jar=63487:C:\Program Files\JetBrains\IntelliJ IDEA 2020.3.2\bin -Dcom.sun.management.jmxremote -Dspring.jmx.enabled=true -Dspring.liveBeansView.mbeanDomain -Dspring.application.admin.enabled=true -Dfile.encoding=UTF-8 
java_command: com.dgm.aws.aws_project01.AwsProject01Application
java_class_path (initial): D:\Projetos\Danilo\servicos-em-java-com-aws-ecs-fargate\aws_project01\build\classes\java\main;D:\Projetos\Danilo\servicos-em-java-com-aws-ecs-fargate\aws_project01\build\resources\main;C:\Users\demo\.gradle\caches\modules-2\files-2.1\org.springframework.boot\spring-boot-starter-web\2.4.4\8b84b6800a0b72d644d77aea3df0bf02008096a7\spring-boot-starter-web-2.4.4.jar;C:\Users\demo\.gradle\caches\modules-2\files-2.1\org.springframework.boot\spring-boot-starter-actuator\2.4.4\533d380d7716058c980b280020ded4aef0b174b8\spring-boot-starter-actuator-2.4.4.jar;C:\Users\demo\.gradle\caches\modules-2\files-2.1\org.springframework.boot\spring-boot-starter-json\2.4.4\3f9622c37d6ece1cbf5889aee688adbcc78ddeea\spring-boot-starter-json-2.4.4.jar;C:\Users\demo\.gradle\caches\modules-2\files-2.1\org.springframework.boot\spring-boot-starter\2.4.4\5807f7ab098711f28d7d92c5986c6c5cfd82e996\spring-boot-starter-2.4.4.jar;C:\Users\demo\.gradle\caches\modules-2\files-2.1\org.springframework.boot\spring-boot-starter-tomcat\2.4.4\80f3a79a16d80639741f35034364fc30c6e9016a\spring-boot-starter-tomcat-2.4.4.jar;C:\Users\demo\.gradle\caches\modules-2\files-2.1\org.springframework\spring-webmvc\5.3.5\449649af0eda09def9b5748bc8438253bf02f9f3\spring-webmvc-5.3.5.jar;C:\Users\demo\.gradle\caches\modules-2\files-2.1\org.springframework\spring-web\5.3.5\8233c67b3f33f619f6f8f34cc0f56e01a00e136e\spring-web-5.3.5.jar;C:\Users\demo\.gradle\caches\modules-2\files-2.1\org.springframework.boot\spring-boot-actuator-autoconfigure\2.4.4\5ef341ffabf479078c54f9bd0206d12aaa254417\spring-boot-actuator-autoconfigure-2.4.4.jar;C:\Users\demo\.gradle\caches\modules-2\files-2.1\io.micrometer\micrometer-core\1.6.5\817275d8e8ac46a4ab817dc76b918bb353a31f1a\micrometer-core-1.6.5.jar;C:\Users\demo\.gradle\caches\modules-2\files-2.1\com.fasterxml.jackson.datatype\jackson-datatype-jdk8\2.11.4\e1540dea3c6c681ea4e335a960f730861ee3bedb\jackson-datatype-jdk8-2.11.4.jar;C:\Users\demo\.gradle\caches\modules-2\file
Launcher Type: SUN_STANDARD

[Global flags]
     bool BytecodeVerificationLocal                = false                                     {product} {command line}
     bool BytecodeVerificationRemote               = false                                     {product} {command line}
     intx CICompilerCount                          = 12                                        {product} {ergonomic}
     uint ConcGCThreads                            = 3                                         {product} {ergonomic}
     uint G1ConcRefinementThreads                  = 13                                        {product} {ergonomic}
   size_t G1HeapRegionSize                         = 2097152                                   {product} {ergonomic}
    uintx GCDrainStackTargetSize                   = 64                                        {product} {ergonomic}
   size_t InitialHeapSize                          = 524288000                                 {product} {ergonomic}
     bool ManagementServer                         = true                                      {product} {command line}
   size_t MarkStackSize                            = 4194304                                   {product} {ergonomic}
   size_t MaxHeapSize                              = 8369733632                                {product} {ergonomic}
   size_t MaxNewSize                               = 5020581888                                {product} {ergonomic}
   size_t MinHeapDeltaBytes                        = 2097152                                   {product} {ergonomic}
    uintx NonNMethodCodeHeapSize                   = 12163472                               {pd product} {ergonomic}
    uintx NonProfiledCodeHeapSize                  = 239494768                              {pd product} {ergonomic}
    uintx ProfiledCodeHeapSize                     = 0                                      {pd product} {ergonomic}
    uintx ReservedCodeCacheSize                    = 251658240                              {pd product} {ergonomic}
     bool SegmentedCodeCache                       = true                                      {product} {ergonomic}
     intx TieredStopAtLevel                        = 1                                         {product} {command line}
     bool UseCompressedClassPointers               = true                                 {lp64_product} {ergonomic}
     bool UseCompressedOops                        = true                                 {lp64_product} {ergonomic}
     bool UseG1GC                                  = true                                      {product} {ergonomic}
     bool UseLargePagesIndividualAllocation        = false                                  {pd product} {ergonomic}

Logging:
Log output configuration:
 #0: stdout all=warning uptime,level,tags
 #1: stderr all=off uptime,level,tags

Environment Variables:
JAVA_HOME=C:\Program Files\AdoptOpenJDK\jdk-8.0.282.8-hotspot\
PATH=C:\Program Files\AdoptOpenJDK\jdk-8.0.282.8-hotspot\bin;C:\Windows\system32;C:\Windows;C:\Windows\System32\Wbem;C:\Windows\System32\WindowsPowerShell\v1.0\;C:\Windows\System32\OpenSSH\;D:\dev-tools\ritchiecli;C:\Program Files\Go\bin;C:\Users\demo\AppData\Local\Microsoft\WindowsApps;C:\Users\demo\AppData\Local\Programs\Microsoft VS Code\bin;C:\Users\demo\AppData\Local\GitHubDesktop\bin;D:\dev-tools\apache-maven-3.6.3\bin;C:\Users\demo\go\bin;D:\dev-tools\PortableGit\bin;
USERNAME=demo
OS=Windows_NT
PROCESSOR_IDENTIFIER=AMD64 Family 23 Model 113 Stepping 0, AuthenticAMD



---------------  S Y S T E M  ---------------

OS: Windows 10 , 64 bit Build 19041 (10.0.19041.804)
OS uptime: 0 days 15:57 hours
Hyper-V role detected

CPU:total 16 (initial active 16) (16 cores per cpu, 2 threads per core) family 23 model 113 stepping 0 microcode 0x0, cmov, cx8, fxsr, mmx, sse, sse2, sse3, ssse3, sse4.1, sse4.2, popcnt, avx, avx2, aes, clmul, mmxext, 3dnowpref, lzcnt, sse4a, ht, tsc, tscinvbit, tscinv, bmi1, bmi2, adx,

Memory: 4k page, system-wide physical 31927M (10919M free)
TotalPageFile size 36908M (AvailPageFile size 76M)
current process WorkingSet (physical memory assigned to process): 176M, peak: 176M
current process commit charge ("private bytes"): 652M, peak: 752M

vm_info: OpenJDK 64-Bit Server VM (11.0.10+8-b1145.96) for windows-amd64 JRE (11.0.10+8-b1145.96), built on Feb 18 2021 01:38:16 by "" with MS VC++ 14.0 (VS2015)

END.
